<?xml version="1.0" encoding="UTF-8"?>
<beans xmlns="http://www.springframework.org/schema/beans"
	xmlns:xsi="http://www.w3.org/2001/XMLSchema-instance" xmlns:context="http://www.springframework.org/schema/context"
	xsi:schemaLocation="http://www.springframework.org/schema/beans http://www.springframework.org/schema/beans/spring-beans.xsd
       http://www.springframework.org/schema/context http://www.springframework.org/schema/context/spring-context.xsd"
	default-lazy-init="true">

	<context:component-scan base-package="com.king.app.test" />

	<!--<bean id="captchaProducer" class="com.google.code.kaptcha.impl.DefaultKaptcha">-->
		<!--<property name="config">-->
			<!--<bean class="com.google.code.kaptcha.util.Config">-->
				<!--<constructor-arg>-->
					<!--<props>-->
						<!--<prop key="kaptcha.background.clear.from">255,255,255</prop>-->
						<!--<prop key="kaptcha.background.clear.to">255,255,255</prop>-->
						<!--<prop key="kaptcha.border">no</prop>-->
						<!--<prop key="kaptcha.border.color">105,179,90</prop>-->
						<!--<prop key="kaptcha.session.key">REMOTE_KAPTCHA_SESSION_KEY</prop>-->
						<!--<prop key="kaptcha.textproducer.font.color">10,10,10</prop>-->
						<!--<prop key="kaptcha.textproducer.font.size">70</prop>-->
						<!--<prop key="kaptcha.textproducer.char.length">4</prop>-->
						<!--<prop key="kaptcha.textproducer.font.names">Arial,Helvetica,Courier,TimesRoma</prop>-->
						<!--<prop key="kaptcha.textproducer.char.space">10</prop>-->
						<!--<prop key="kaptcha.image.width">220</prop>-->
						<!--<prop key="kaptcha.image.height">90</prop>-->
						<!--<prop key="kaptcha.noise.color">100,116,122</prop>-->
					<!--</props>-->
				<!--</constructor-arg>-->
			<!--</bean>-->
		<!--</property>-->
	<!--</bean>-->
	
	<bean id="multipartResolver" class="org.springframework.web.multipart.commons.CommonsMultipartResolver">
		<property name="maxUploadSize">
			<value>1024000</value>
		</property>
		<property name="maxInMemorySize">
			<value>4096</value>
		</property>
	</bean>

	<import resource="classpath*:/test-app-spring/test-app-datasource.xml" />
	<import resource="classpath*:/test-app-spring/test-app-aop.xml" />
</beans> 