<?xml version="1.0" encoding="UTF-8"?>
<beans xmlns="http://www.springframework.org/schema/beans"
       xmlns:xsi="http://www.w3.org/2001/XMLSchema-instance"
       xmlns:aop="http://www.springframework.org/schema/aop"
       xsi:schemaLocation="http://www.springframework.org/schema/beans http://www.springframework.org/schema/beans/spring-beans.xsd
		http://www.springframework.org/schema/aop http://www.springframework.org/schema/aop/spring-aop-3.0.xsd">

    <!--Action调用日志拦截器-->
    <bean id="actionInvokeLogInterceptor" class="com.king.app.test.interceptor.ActionInvokeInterceptor"></bean>

    <aop:config>
        <aop:advisor advice-ref="actionInvokeLogInterceptor" pointcut="execution(* com.king.app.test.action.*Action.*(..))"/>
    </aop:config>
</beans>
